<?xml version="1.0" encoding="UTF-8"?>
<testsuite name="LanternaGUITest" tests="4" skipped="0" failures="0" errors="0" timestamp="2022-01-17T12:09:41" hostname="arch" time="0.856">
  <properties/>
  <testcase name="getKey()" classname="LanternaGUITest" time="0.818"/>
  <testcase name="drawHand()" classname="LanternaGUITest" time="0.014"/>
  <testcase name="drawMenu()" classname="LanternaGUITest" time="0.005"/>
  <testcase name="drawTable()" classname="LanternaGUITest" time="0.015"/>
  <system-out><![CDATA[]]></system-out>
  <system-err><![CDATA[]]></system-err>
</testsuite>
