<?xml version="1.0" encoding="UTF-8"?>
<testsuite name="LanternaGUITest" tests="4" skipped="0" failures="0" errors="0" timestamp="2022-01-09T01:25:31" hostname="arch" time="1.597">
  <properties/>
  <testcase name="getKey()" classname="LanternaGUITest" time="1.333"/>
  <testcase name="drawHand()" classname="LanternaGUITest" time="0.131"/>
  <testcase name="drawMenu()" classname="LanternaGUITest" time="0.09"/>
  <testcase name="drawTable()" classname="LanternaGUITest" time="0.034"/>
  <system-out><![CDATA[]]></system-out>
  <system-err><![CDATA[]]></system-err>
</testsuite>
