<?xml version="1.0" encoding="UTF-8"?>
<testsuite name="LanternaGUITest" tests="4" skipped="0" failures="0" errors="0" timestamp="2022-01-08T10:30:33" hostname="arch" time="1.501">
  <properties/>
  <testcase name="getKey()" classname="LanternaGUITest" time="1.307"/>
  <testcase name="drawHand()" classname="LanternaGUITest" time="0.081"/>
  <testcase name="drawMenu()" classname="LanternaGUITest" time="0.059"/>
  <testcase name="drawTable()" classname="LanternaGUITest" time="0.048"/>
  <system-out><![CDATA[]]></system-out>
  <system-err><![CDATA[]]></system-err>
</testsuite>
