<?xml version="1.0" encoding="UTF-8"?>
<testsuite name="LanternaGUITest" tests="4" skipped="0" failures="0" errors="0" timestamp="2022-01-07T18:03:53" hostname="arch-desktop" time="1.008">
  <properties/>
  <testcase name="getKey()" classname="LanternaGUITest" time="0.91"/>
  <testcase name="drawHand()" classname="LanternaGUITest" time="0.036"/>
  <testcase name="drawMenu()" classname="LanternaGUITest" time="0.027"/>
  <testcase name="drawTable()" classname="LanternaGUITest" time="0.029"/>
  <system-out><![CDATA[]]></system-out>
  <system-err><![CDATA[]]></system-err>
</testsuite>
