<?xml version="1.0" encoding="UTF-8"?>
<testsuite name="LanternaGUITest" tests="4" skipped="0" failures="0" errors="0" timestamp="2022-01-14T15:28:51" hostname="arch" time="0.724">
  <properties/>
  <testcase name="getKey()" classname="LanternaGUITest" time="0.684"/>
  <testcase name="drawHand()" classname="LanternaGUITest" time="0.027"/>
  <testcase name="drawMenu()" classname="LanternaGUITest" time="0.005"/>
  <testcase name="drawTable()" classname="LanternaGUITest" time="0.005"/>
  <system-out><![CDATA[]]></system-out>
  <system-err><![CDATA[]]></system-err>
</testsuite>
