<?xml version="1.0" encoding="UTF-8"?>
<testsuite name="LanternaGUITest" tests="1" skipped="0" failures="0" errors="0" timestamp="2022-01-07T17:26:09" hostname="arch-desktop" time="0.8">
  <properties/>
  <testcase name="drawMenu()" classname="LanternaGUITest" time="0.8"/>
  <system-out><![CDATA[]]></system-out>
  <system-err><![CDATA[]]></system-err>
</testsuite>
