<?xml version="1.0" encoding="UTF-8"?>
<testsuite name="LanternaGUITest" tests="4" skipped="0" failures="0" errors="0" timestamp="2022-01-08T10:32:52" hostname="arch" time="1.643">
  <properties/>
  <testcase name="getKey()" classname="LanternaGUITest" time="1.368"/>
  <testcase name="drawHand()" classname="LanternaGUITest" time="0.134"/>
  <testcase name="drawMenu()" classname="LanternaGUITest" time="0.086"/>
  <testcase name="drawTable()" classname="LanternaGUITest" time="0.048"/>
  <system-out><![CDATA[]]></system-out>
  <system-err><![CDATA[]]></system-err>
</testsuite>
