<?xml version="1.0" encoding="UTF-8"?>
<testsuite name="LanternaGUITest" tests="4" skipped="0" failures="0" errors="0" timestamp="2022-01-17T12:00:41" hostname="arch" time="0.732">
  <properties/>
  <testcase name="getKey()" classname="LanternaGUITest" time="0.677"/>
  <testcase name="drawHand()" classname="LanternaGUITest" time="0.036"/>
  <testcase name="drawMenu()" classname="LanternaGUITest" time="0.005"/>
  <testcase name="drawTable()" classname="LanternaGUITest" time="0.011"/>
  <system-out><![CDATA[]]></system-out>
  <system-err><![CDATA[]]></system-err>
</testsuite>
