<?xml version="1.0" encoding="UTF-8"?>
<testsuite name="LanternaGUITest" tests="4" skipped="0" failures="0" errors="0" timestamp="2022-01-14T14:26:52" hostname="arch" time="1.801">
  <properties/>
  <testcase name="getKey()" classname="LanternaGUITest" time="1.458"/>
  <testcase name="drawHand()" classname="LanternaGUITest" time="0.211"/>
  <testcase name="drawMenu()" classname="LanternaGUITest" time="0.035"/>
  <testcase name="drawTable()" classname="LanternaGUITest" time="0.092"/>
  <system-out><![CDATA[]]></system-out>
  <system-err><![CDATA[]]></system-err>
</testsuite>
