<?xml version="1.0" encoding="UTF-8"?>
<testsuite name="LanternaGUITest" tests="2" skipped="0" failures="0" errors="0" timestamp="2022-01-07T17:33:41" hostname="arch-desktop" time="0.929">
  <properties/>
  <testcase name="drawMenu()" classname="LanternaGUITest" time="0.85"/>
  <testcase name="drawTable()" classname="LanternaGUITest" time="0.078"/>
  <system-out><![CDATA[]]></system-out>
  <system-err><![CDATA[]]></system-err>
</testsuite>
