<?xml version="1.0" encoding="UTF-8"?>
<testsuite name="LanternaGUITest" tests="4" skipped="0" failures="0" errors="0" timestamp="2022-01-15T21:52:22" hostname="arch" time="0.688">
  <properties/>
  <testcase name="getKey()" classname="LanternaGUITest" time="0.635"/>
  <testcase name="drawHand()" classname="LanternaGUITest" time="0.032"/>
  <testcase name="drawMenu()" classname="LanternaGUITest" time="0.003"/>
  <testcase name="drawTable()" classname="LanternaGUITest" time="0.013"/>
  <system-out><![CDATA[]]></system-out>
  <system-err><![CDATA[]]></system-err>
</testsuite>
